<?xml version="1.0" encoding="UTF-8"?>
<!-- Generated by org.testng.reporters.JUnitReportReporter -->
<testsuite hostname="LAPTOP-TLR28ILL" failures="0" tests="3" name="BookingReservation" time="21.571" errors="0" timestamp="2024-12-31T02:25:52 EET" skipped="0">
  <testcase classname="BookingReservation" name="searchForHotels" time="15.110"/>
  <system-out/>
  <testcase classname="BookingReservation" name="completeHotelReservation" time="6.363"/>
  <system-out/>
  <testcase classname="BookingReservation" name="verifyHotelDetailsInReservationPage" time="0.098"/>
  <system-out/>
</testsuite> <!-- BookingReservation -->
